# JRE version: OpenJDK Runtime Environment (21.0.10) (build 21.0.10+-14961533-b1163.108)
# Java VM: OpenJDK 64-Bit Server VM (21.0.10+-14961533-b1163.108, mixed mode, tiered, compressed oops, compressed class ptrs, g1 gc, windows-amd64)
GC Precious Log:
 CardTable entry size: 512
 Card Set container configuration: InlinePtr #cards 4 size 8 Array Of Cards #cards 16 size 48 Howl #buckets 8 coarsen threshold 3686 Howl Bitmap #cards 512 size 80 coarsen threshold 460 Card regions per heap region 1 cards per card region 4096
 CPUs: 22 total, 22 available
 Memory: 15989M
 Large Page Support: Disabled
 NUMA Support: Disabled
 Compressed Oops: Enabled (Zero based)
 Heap Region Size: 2M
 Heap Min Capacity: 8M
 Heap Initial Capacity: 250M
 Heap Max Capacity: 3998M
 Pre-touch: Disabled
 Parallel Workers: 16
 Concurrent Workers: 4
 Concurrent Refinement Workers: 16
 Periodic GC: Disabled
Heap:
 garbage-first heap   total 45056K, used 28017K [0x0000000706200000, 0x0000000800000000)
  region size 2048K, 1 young (2048K), 1 survivors (2048K)
 Metaspace       used 46991K, committed 47296K, reserved 1114112K
  class space    used 5561K, committed 5696K, reserved 1048576K
GC Heap History (19 events):
Event: 2.519 GC heap before
{Heap before GC invocations=0 (full 0):
 garbage-first heap   total 256000K, used 24576K [0x0000000706200000, 0x0000000800000000)
  region size 2048K, 11 young (22528K), 0 survivors (0K)
 Metaspace       used 13692K, committed 13824K, reserved 1114112K
  class space    used 1291K, committed 1344K, reserved 1048576K
}
Event: 2.526 GC heap after
{Heap after GC invocations=1 (full 0):
 garbage-first heap   total 256000K, used 6997K [0x0000000706200000, 0x0000000800000000)
  region size 2048K, 2 young (4096K), 2 survivors (4096K)
 Metaspace       used 13692K, committed 13824K, reserved 1114112K
  class space    used 1291K, committed 1344K, reserved 1048576K
}
Event: 3.786 GC heap before
{Heap before GC invocations=1 (full 0):
 garbage-first heap   total 256000K, used 29525K [0x0000000706200000, 0x0000000800000000)
  region size 2048K, 15 young (30720K), 2 survivors (4096K)
 Metaspace       used 21348K, committed 21504K, reserved 1114112K
  class space    used 2226K, committed 2304K, reserved 1048576K
}
Event: 3.799 GC heap after
{Heap after GC invocations=2 (full 0):
 garbage-first heap   total 256000K, used 8500K [0x0000000706200000, 0x0000000800000000)
  region size 2048K, 3 young (6144K), 3 survivors (6144K)
 Metaspace       used 21348K, committed 21504K, reserved 1114112K
  class space    used 2226K, committed 2304K, reserved 1048576K
}
Event: 6.101 GC heap before
{Heap before GC invocations=3 (full 0):
 garbage-first heap   total 34816K, used 33076K [0x0000000706200000, 0x0000000800000000)
  region size 2048K, 15 young (30720K), 3 survivors (6144K)
 Metaspace       used 25435K, committed 25600K, reserved 1114112K
  class space    used 2757K, committed 2816K, reserved 1048576K
}
Event: 6.117 GC heap after
{Heap after GC invocations=4 (full 0):
 garbage-first heap   total 45056K, used 14336K [0x0000000706200000, 0x0000000800000000)
  region size 2048K, 5 young (10240K), 5 survivors (10240K)
 Metaspace       used 25435K, committed 25600K, reserved 1114112K
  class space    used 2757K, committed 2816K, reserved 1048576K
}
Event: 7.080 GC heap before
{Heap before GC invocations=4 (full 0):
 garbage-first heap   total 45056K, used 30720K [0x0000000706200000, 0x0000000800000000)
  region size 2048K, 13 young (26624K), 5 survivors (10240K)
 Metaspace       used 29603K, committed 29888K, reserved 1114112K
  class space    used 3239K, committed 3392K, reserved 1048576K
}
Event: 7.094 GC heap after
{Heap after GC invocations=5 (full 0):
 garbage-first heap   total 45056K, used 15655K [0x0000000706200000, 0x0000000800000000)
  region size 2048K, 1 young (2048K), 1 survivors (2048K)
 Metaspace       used 29603K, committed 29888K, reserved 1114112K
  class space    used 3239K, committed 3392K, reserved 1048576K
}
Event: 7.952 GC heap before
{Heap before GC invocations=5 (full 0):
 garbage-first heap   total 45056K, used 34087K [0x0000000706200000, 0x0000000800000000)
  region size 2048K, 10 young (20480K), 1 survivors (2048K)
 Metaspace       used 34399K, committed 34624K, reserved 1114112K
  class space    used 4241K, committed 4352K, reserved 1048576K
}
Event: 7.963 GC heap after
{Heap after GC invocations=6 (full 0):
 garbage-first heap   total 45056K, used 17626K [0x0000000706200000, 0x0000000800000000)
  region size 2048K, 2 young (4096K), 2 survivors (4096K)
 Metaspace       used 34399K, committed 34624K, reserved 1114112K
  class space    used 4241K, committed 4352K, reserved 1048576K
}
Event: 8.223 GC heap before
{Heap before GC invocations=6 (full 0):
 garbage-first heap   total 45056K, used 23770K [0x0000000706200000, 0x0000000800000000)
  region size 2048K, 6 young (12288K), 2 survivors (4096K)
 Metaspace       used 35915K, committed 36096K, reserved 1114112K
  class space    used 4395K, committed 4480K, reserved 1048576K
}
Event: 8.231 GC heap after
{Heap after GC invocations=7 (full 0):
 garbage-first heap   total 45056K, used 17938K [0x0000000706200000, 0x0000000800000000)
  region size 2048K, 1 young (2048K), 1 survivors (2048K)
 Metaspace       used 35915K, committed 36096K, reserved 1114112K
  class space    used 4395K, committed 4480K, reserved 1048576K
}
Event: 8.890 GC heap before
{Heap before GC invocations=8 (full 0):
 garbage-first heap   total 45056K, used 32274K [0x0000000706200000, 0x0000000800000000)
  region size 2048K, 9 young (18432K), 1 survivors (2048K)
 Metaspace       used 40162K, committed 40384K, reserved 1114112K
  class space    used 4818K, committed 4928K, reserved 1048576K
}
Event: 8.896 GC heap after
{Heap after GC invocations=9 (full 0):
 garbage-first heap   total 45056K, used 18613K [0x0000000706200000, 0x0000000800000000)
  region size 2048K, 1 young (2048K), 1 survivors (2048K)
 Metaspace       used 40162K, committed 40384K, reserved 1114112K
  class space    used 4818K, committed 4928K, reserved 1048576K
}
Event: 9.986 GC heap before
{Heap before GC invocations=9 (full 0):
 garbage-first heap   total 45056K, used 34997K [0x0000000706200000, 0x0000000800000000)
  region size 2048K, 10 young (20480K), 1 survivors (2048K)
 Metaspace       used 45103K, committed 45376K, reserved 1114112K
  class space    used 5376K, committed 5504K, reserved 1048576K
}
Event: 9.996 GC heap after
{Heap after GC invocations=10 (full 0):
 garbage-first heap   total 45056K, used 18998K [0x0000000706200000, 0x0000000800000000)
  region size 2048K, 2 young (4096K), 2 survivors (4096K)
 Metaspace       used 45103K, committed 45376K, reserved 1114112K
  class space    used 5376K, committed 5504K, reserved 1048576K
}
Event: 10.431 GC heap before
{Heap before GC invocations=10 (full 0):
 garbage-first heap   total 45056K, used 35382K [0x0000000706200000, 0x0000000800000000)
  region size 2048K, 10 young (20480K), 2 survivors (4096K)
 Metaspace       used 46963K, committed 47232K, reserved 1114112K
  class space    used 5561K, committed 5696K, reserved 1048576K
}
Event: 10.441 GC heap after
{Heap after GC invocations=11 (full 0):
 garbage-first heap   total 45056K, used 23257K [0x0000000706200000, 0x0000000800000000)
  region size 2048K, 2 young (4096K), 2 survivors (4096K)
 Metaspace       used 46963K, committed 47232K, reserved 1114112K
  class space    used 5561K, committed 5696K, reserved 1048576K
}
Event: 10.505 GC heap before
{Heap before GC invocations=11 (full 0):
 garbage-first heap   total 45056K, used 35545K [0x0000000706200000, 0x0000000800000000)
  region size 2048K, 8 young (16384K), 2 survivors (4096K)
 Metaspace       used 46991K, committed 47296K, reserved 1114112K
  class space    used 5561K, committed 5696K, reserved 1048576K
}

