# JRE version: OpenJDK Runtime Environment (21.0.10) (build 21.0.10+-14961533-b1163.108)
# Java VM: OpenJDK 64-Bit Server VM (21.0.10+-14961533-b1163.108, mixed mode, tiered, compressed oops, compressed class ptrs, g1 gc, windows-amd64)
GC Precious Log:
 CardTable entry size: 512
 Card Set container configuration: InlinePtr #cards 4 size 8 Array Of Cards #cards 16 size 48 Howl #buckets 8 coarsen threshold 3686 Howl Bitmap #cards 512 size 80 coarsen threshold 460 Card regions per heap region 1 cards per card region 4096
 CPUs: 22 total, 22 available
 Memory: 15989M
 Large Page Support: Disabled
 NUMA Support: Disabled
 Compressed Oops: Enabled (Zero based)
 Heap Region Size: 2M
 Heap Min Capacity: 8M
 Heap Initial Capacity: 250M
 Heap Max Capacity: 3998M
 Pre-touch: Disabled
 Parallel Workers: 16
 Concurrent Workers: 4
 Concurrent Refinement Workers: 16
 Periodic GC: Disabled
Heap:
 garbage-first heap   total 137216K, used 94429K [0x0000000706200000, 0x0000000800000000)
  region size 2048K, 29 young (59392K), 5 survivors (10240K)
 Metaspace       used 70298K, committed 70528K, reserved 1114112K
  class space    used 8068K, committed 8192K, reserved 1048576K
GC Heap History (20 events):
Event: 3.979 GC heap before
{Heap before GC invocations=1 (full 0):
 garbage-first heap   total 256000K, used 29750K [0x0000000706200000, 0x0000000800000000)
  region size 2048K, 15 young (30720K), 2 survivors (4096K)
 Metaspace       used 21316K, committed 21504K, reserved 1114112K
  class space    used 2226K, committed 2304K, reserved 1048576K
}
Event: 3.988 GC heap after
{Heap after GC invocations=2 (full 0):
 garbage-first heap   total 256000K, used 8405K [0x0000000706200000, 0x0000000800000000)
  region size 2048K, 3 young (6144K), 3 survivors (6144K)
 Metaspace       used 21316K, committed 21504K, reserved 1114112K
  class space    used 2226K, committed 2304K, reserved 1048576K
}
Event: 4.759 GC heap before
{Heap before GC invocations=3 (full 0):
 garbage-first heap   total 34816K, used 32981K [0x0000000706200000, 0x0000000800000000)
  region size 2048K, 15 young (30720K), 3 survivors (6144K)
 Metaspace       used 25292K, committed 25472K, reserved 1114112K
  class space    used 2745K, committed 2816K, reserved 1048576K
}
Event: 4.774 GC heap after
{Heap after GC invocations=4 (full 0):
 garbage-first heap   total 45056K, used 14336K [0x0000000706200000, 0x0000000800000000)
  region size 2048K, 5 young (10240K), 5 survivors (10240K)
 Metaspace       used 25292K, committed 25472K, reserved 1114112K
  class space    used 2745K, committed 2816K, reserved 1048576K
}
Event: 5.268 GC heap before
{Heap before GC invocations=4 (full 0):
 garbage-first heap   total 45056K, used 30720K [0x0000000706200000, 0x0000000800000000)
  region size 2048K, 13 young (26624K), 5 survivors (10240K)
 Metaspace       used 28969K, committed 29248K, reserved 1114112K
  class space    used 3138K, committed 3264K, reserved 1048576K
}
Event: 5.281 GC heap after
{Heap after GC invocations=5 (full 0):
 garbage-first heap   total 45056K, used 15584K [0x0000000706200000, 0x0000000800000000)
  region size 2048K, 1 young (2048K), 1 survivors (2048K)
 Metaspace       used 28969K, committed 29248K, reserved 1114112K
  class space    used 3138K, committed 3264K, reserved 1048576K
}
Event: 6.289 GC heap before
{Heap before GC invocations=5 (full 0):
 garbage-first heap   total 45056K, used 34016K [0x0000000706200000, 0x0000000800000000)
  region size 2048K, 10 young (20480K), 1 survivors (2048K)
 Metaspace       used 33944K, committed 34176K, reserved 1114112K
  class space    used 4191K, committed 4288K, reserved 1048576K
}
Event: 6.298 GC heap after
{Heap after GC invocations=6 (full 0):
 garbage-first heap   total 45056K, used 17329K [0x0000000706200000, 0x0000000800000000)
  region size 2048K, 2 young (4096K), 2 survivors (4096K)
 Metaspace       used 33944K, committed 34176K, reserved 1114112K
  class space    used 4191K, committed 4288K, reserved 1048576K
}
Event: 6.516 GC heap before
{Heap before GC invocations=6 (full 0):
 garbage-first heap   total 45056K, used 25521K [0x0000000706200000, 0x0000000800000000)
  region size 2048K, 7 young (14336K), 2 survivors (4096K)
 Metaspace       used 35896K, committed 36096K, reserved 1114112K
  class space    used 4395K, committed 4480K, reserved 1048576K
}
Event: 6.525 GC heap after
{Heap after GC invocations=7 (full 0):
 garbage-first heap   total 45056K, used 17931K [0x0000000706200000, 0x0000000800000000)
  region size 2048K, 1 young (2048K), 1 survivors (2048K)
 Metaspace       used 35896K, committed 36096K, reserved 1114112K
  class space    used 4395K, committed 4480K, reserved 1048576K
}
Event: 6.987 GC heap before
{Heap before GC invocations=8 (full 0):
 garbage-first heap   total 45056K, used 34315K [0x0000000706200000, 0x0000000800000000)
  region size 2048K, 9 young (18432K), 1 survivors (2048K)
 Metaspace       used 40226K, committed 40448K, reserved 1114112K
  class space    used 4828K, committed 4928K, reserved 1048576K
}
Event: 6.992 GC heap after
{Heap after GC invocations=9 (full 0):
 garbage-first heap   total 45056K, used 18655K [0x0000000706200000, 0x0000000800000000)
  region size 2048K, 1 young (2048K), 1 survivors (2048K)
 Metaspace       used 40226K, committed 40448K, reserved 1114112K
  class space    used 4828K, committed 4928K, reserved 1048576K
}
Event: 7.805 GC heap before
{Heap before GC invocations=9 (full 0):
 garbage-first heap   total 45056K, used 37087K [0x0000000706200000, 0x0000000800000000)
  region size 2048K, 10 young (20480K), 1 survivors (2048K)
 Metaspace       used 44386K, committed 44608K, reserved 1114112K
  class space    used 5231K, committed 5312K, reserved 1048576K
}
Event: 7.814 GC heap after
{Heap after GC invocations=10 (full 0):
 garbage-first heap   total 151552K, used 20908K [0x0000000706200000, 0x0000000800000000)
  region size 2048K, 2 young (4096K), 2 survivors (4096K)
 Metaspace       used 44386K, committed 44608K, reserved 1114112K
  class space    used 5231K, committed 5312K, reserved 1048576K
}
Event: 10.757 GC heap before
{Heap before GC invocations=10 (full 0):
 garbage-first heap   total 151552K, used 104876K [0x0000000706200000, 0x0000000800000000)
  region size 2048K, 44 young (90112K), 2 survivors (4096K)
 Metaspace       used 59160K, committed 59456K, reserved 1114112K
  class space    used 7053K, committed 7168K, reserved 1048576K
}
Event: 10.779 GC heap after
{Heap after GC invocations=11 (full 0):
 garbage-first heap   total 151552K, used 36864K [0x0000000706200000, 0x0000000800000000)
  region size 2048K, 6 young (12288K), 6 survivors (12288K)
 Metaspace       used 59160K, committed 59456K, reserved 1114112K
  class space    used 7053K, committed 7168K, reserved 1048576K
}
Event: 10.879 GC heap before
{Heap before GC invocations=11 (full 0):
 garbage-first heap   total 151552K, used 38912K [0x0000000706200000, 0x0000000800000000)
  region size 2048K, 8 young (16384K), 6 survivors (12288K)
 Metaspace       used 60116K, committed 60416K, reserved 1114112K
  class space    used 7136K, committed 7296K, reserved 1048576K
}
Event: 10.891 GC heap after
{Heap after GC invocations=12 (full 0):
 garbage-first heap   total 151552K, used 39292K [0x0000000706200000, 0x0000000800000000)
  region size 2048K, 1 young (2048K), 1 survivors (2048K)
 Metaspace       used 60116K, committed 60416K, reserved 1114112K
  class space    used 7136K, committed 7296K, reserved 1048576K
}
Event: 13.640 GC heap before
{Heap before GC invocations=13 (full 0):
 garbage-first heap   total 137216K, used 106876K [0x0000000706200000, 0x0000000800000000)
  region size 2048K, 34 young (69632K), 1 survivors (2048K)
 Metaspace       used 65480K, committed 65792K, reserved 1114112K
  class space    used 7667K, committed 7808K, reserved 1048576K
}
Event: 13.657 GC heap after
{Heap after GC invocations=14 (full 0):
 garbage-first heap   total 137216K, used 47325K [0x0000000706200000, 0x0000000800000000)
  region size 2048K, 5 young (10240K), 5 survivors (10240K)
 Metaspace       used 65480K, committed 65792K, reserved 1114112K
  class space    used 7667K, committed 7808K, reserved 1048576K
}

